The system is: Linux - 4.15.0-60-generic - x86_64
Compiling the C compiler identification source file "CMakeCCompilerId.c" succeeded.
Compiler: /usr/bin/cc 
Build flags: 
Id flags:  

The output was:
0


Compilation of the C compiler identification source "CMakeCCompilerId.c" produced "a.out"

The C compiler identification is GNU, found in "/windows2/Users/Iago.LabCG-PC/Documents/UFBA2018/terrain/CppCaptures/main__2019_09_06__11_37_10/int/CMakeFiles/3.10.2/CompilerIdC/a.out"

Compiling the CXX compiler identification source file "CMakeCXXCompilerId.cpp" succeeded.
Compiler: /usr/bin/c++ 
Build flags: 
Id flags:  

The output was:
0


Compilation of the CXX compiler identification source "CMakeCXXCompilerId.cpp" produced "a.out"

The CXX compiler identification is GNU, found in "/windows2/Users/Iago.LabCG-PC/Documents/UFBA2018/terrain/CppCaptures/main__2019_09_06__11_37_10/int/CMakeFiles/3.10.2/CompilerIdCXX/a.out"

Determining if the C compiler works passed with the following output:
Change Dir: /windows2/Users/Iago.LabCG-PC/Documents/UFBA2018/terrain/CppCaptures/main__2019_09_06__11_37_10/int/CMakeFiles/CMakeTmp

Run Build Command:"/usr/bin/make" "cmTC_b9e4c/fast"
/usr/bin/make -f CMakeFiles/cmTC_b9e4c.dir/build.make CMakeFiles/cmTC_b9e4c.dir/build
make[1]: Entering directory '/windows2/Users/Iago.LabCG-PC/Documents/UFBA2018/terrain/CppCaptures/main__2019_09_06__11_37_10/int/CMakeFiles/CMakeTmp'
Building C object CMakeFiles/cmTC_b9e4c.dir/testCCompiler.c.o
/usr/bin/cc    -o CMakeFiles/cmTC_b9e4c.dir/testCCompiler.c.o   -c /windows2/Users/Iago.LabCG-PC/Documents/UFBA2018/terrain/CppCaptures/main__2019_09_06__11_37_10/int/CMakeFiles/CMakeTmp/testCCompiler.c
Linking C executable cmTC_b9e4c
/usr/bin/cmake -E cmake_link_script CMakeFiles/cmTC_b9e4c.dir/link.txt --verbose=1
/usr/bin/cc      -rdynamic CMakeFiles/cmTC_b9e4c.dir/testCCompiler.c.o  -o cmTC_b9e4c 
make[1]: Leaving directory '/windows2/Users/Iago.LabCG-PC/Documents/UFBA2018/terrain/CppCaptures/main__2019_09_06__11_37_10/int/CMakeFiles/CMakeTmp'


Determining if the CXX compiler works passed with the following output:
Change Dir: /windows2/Users/Iago.LabCG-PC/Documents/UFBA2018/terrain/CppCaptures/main__2019_09_06__11_37_10/int/CMakeFiles/CMakeTmp

Run Build Command:"/usr/bin/make" "cmTC_2147c/fast"
/usr/bin/make -f CMakeFiles/cmTC_2147c.dir/build.make CMakeFiles/cmTC_2147c.dir/build
make[1]: Entering directory '/windows2/Users/Iago.LabCG-PC/Documents/UFBA2018/terrain/CppCaptures/main__2019_09_06__11_37_10/int/CMakeFiles/CMakeTmp'
Building CXX object CMakeFiles/cmTC_2147c.dir/testCXXCompiler.cxx.o
/usr/bin/c++     -o CMakeFiles/cmTC_2147c.dir/testCXXCompiler.cxx.o -c /windows2/Users/Iago.LabCG-PC/Documents/UFBA2018/terrain/CppCaptures/main__2019_09_06__11_37_10/int/CMakeFiles/CMakeTmp/testCXXCompiler.cxx
Linking CXX executable cmTC_2147c
/usr/bin/cmake -E cmake_link_script CMakeFiles/cmTC_2147c.dir/link.txt --verbose=1
/usr/bin/c++       -rdynamic CMakeFiles/cmTC_2147c.dir/testCXXCompiler.cxx.o  -o cmTC_2147c 
make[1]: Leaving directory '/windows2/Users/Iago.LabCG-PC/Documents/UFBA2018/terrain/CppCaptures/main__2019_09_06__11_37_10/int/CMakeFiles/CMakeTmp'


